Start testing: Aug 19 15:41 CDT
----------------------------------------------------------
1/2 Testing: Laplace
1/2 Test: Laplace
Command: "/Users/Nikhil/Documents/Academic/Numerics/FiniteDifferenceLibrary/unit_tests/laplace/laplace"
Directory: /Users/Nikhil/Documents/Academic/Numerics/FiniteDifferenceLibrary/unit_tests/laplace
"Laplace" start time: Aug 19 15:41 CDT
Output:
----------------------------------------------------------
<end of output>
Test time =   0.29 sec
----------------------------------------------------------
Test Passed.
"Laplace" end time: Aug 19 15:41 CDT
"Laplace" time elapsed: 00:00:00
----------------------------------------------------------

2/2 Testing: Poisson
2/2 Test: Poisson
Command: "/Users/Nikhil/Documents/Academic/Numerics/FiniteDifferenceLibrary/unit_tests/poisson/poisson"
Directory: /Users/Nikhil/Documents/Academic/Numerics/FiniteDifferenceLibrary/unit_tests/poisson
"Poisson" start time: Aug 19 15:41 CDT
Output:
----------------------------------------------------------
<end of output>
Test time =   0.07 sec
----------------------------------------------------------
Test Passed.
"Poisson" end time: Aug 19 15:41 CDT
"Poisson" time elapsed: 00:00:00
----------------------------------------------------------

End testing: Aug 19 15:41 CDT
