Start testing: Aug 17 14:01 CDT
----------------------------------------------------------
1/1 Testing: Laplace
1/1 Test: Laplace
Command: "/Users/Nikhil/Documents/Academic/Numerics/FiniteDifferenceLibrary/unit_tests/laplace/laplace"
Directory: /Users/Nikhil/Documents/Academic/Numerics/FiniteDifferenceLibrary/unit_tests/laplace
"Laplace" start time: Aug 17 14:01 CDT
Output:
----------------------------------------------------------
Assertion failed: (it->row()>=0 && it->row()<mat.rows() && it->col()>=0 && it->col()<mat.cols()), function set_from_triplets, file /Users/Nikhil/Documents/Academic/Numerics/FiniteDifferenceLibrary/include/Eigen/src/SparseCore/SparseMatrix.h, line 934.
<end of output>
Test time =   0.59 sec
----------------------------------------------------------
Test Failed.
"Laplace" end time: Aug 17 14:01 CDT
"Laplace" time elapsed: 00:00:00
----------------------------------------------------------

End testing: Aug 17 14:01 CDT
